  Compressor.cpp
C:\Users\Артём\Documents\GitHub\Ganeev_lab1_New\Ganeev_lab1\Ganeev_lab1\Compressor.cpp(20,42): warning C4018: <=: несоответствие типов со знаком и без знака
C:\Users\Артём\Documents\GitHub\Ganeev_lab1_New\Ganeev_lab1\Ganeev_lab1\Compressor.cpp(25,46): warning C4018: <=: несоответствие типов со знаком и без знака
C:\Users\Артём\Documents\GitHub\Ganeev_lab1_New\Ganeev_lab1\Ganeev_lab1\Compressor.cpp(49,42): warning C4018: <=: несоответствие типов со знаком и без знака
C:\Users\Артём\Documents\GitHub\Ganeev_lab1_New\Ganeev_lab1\Ganeev_lab1\Compressor.cpp(54,46): warning C4018: <=: несоответствие типов со знаком и без знака
  Pipe.cpp
  main.cpp
C:\Users\Артём\Documents\GitHub\Ganeev_lab1_New\Ganeev_lab1\Ganeev_lab1\main.cpp(212,22): warning C4244: =: преобразование "double" в "int", возможна потеря данных
C:\Users\Артём\Documents\GitHub\Ganeev_lab1_New\Ganeev_lab1\Ganeev_lab1\main.cpp(214,22): warning C4244: =: преобразование "double" в "int", возможна потеря данных
C:\Users\Артём\Documents\GitHub\Ganeev_lab1_New\Ganeev_lab1\Ganeev_lab1\main.cpp(353,18): warning C4805: ==: небезопасное смешение типа "char" и типа "bool" в операции
C:\Users\Артём\Documents\GitHub\Ganeev_lab1_New\Ganeev_lab1\Ganeev_lab1\main.cpp(359,24): warning C4018: <: несоответствие типов со знаком и без знака
C:\Users\Артём\Documents\GitHub\Ganeev_lab1_New\Ganeev_lab1\Ganeev_lab1\main.cpp(378,24): warning C4018: <: несоответствие типов со знаком и без знака
C:\Users\Артём\Documents\GitHub\Ganeev_lab1_New\Ganeev_lab1\Ganeev_lab1\main.cpp(386,22): warning C4805: ==: небезопасное смешение типа "char" и типа "bool" в операции
C:\Users\Артём\Documents\GitHub\Ganeev_lab1_New\Ganeev_lab1\Ganeev_lab1\main.cpp(388,25): warning C4018: <: несоответствие типов со знаком и без знака
C:\Users\Артём\Documents\GitHub\Ganeev_lab1_New\Ganeev_lab1\Ganeev_lab1\main.cpp(413,17): warning C4805: ==: небезопасное смешение типа "char" и типа "bool" в операции
C:\Users\Артём\Documents\GitHub\Ganeev_lab1_New\Ganeev_lab1\Ganeev_lab1\main.cpp(419,23): warning C4018: <: несоответствие типов со знаком и без знака
C:\Users\Артём\Documents\GitHub\Ganeev_lab1_New\Ganeev_lab1\Ganeev_lab1\main.cpp(434,23): warning C4244: =: преобразование "double" в "int", возможна потеря данных
C:\Users\Артём\Documents\GitHub\Ganeev_lab1_New\Ganeev_lab1\Ganeev_lab1\main.cpp(436,23): warning C4244: =: преобразование "double" в "int", возможна потеря данных
C:\Users\Артём\Documents\GitHub\Ganeev_lab1_New\Ganeev_lab1\Ganeev_lab1\main.cpp(452,23): warning C4018: <: несоответствие типов со знаком и без знака
C:\Users\Артём\Documents\GitHub\Ganeev_lab1_New\Ganeev_lab1\Ganeev_lab1\main.cpp(463,24): warning C4018: <: несоответствие типов со знаком и без знака
  Создание кода...
  Ganeev_lab1.vcxproj -> C:\Users\Артём\Documents\GitHub\Ganeev_lab1_New\Ganeev_lab1\Debug\Ganeev_lab1.exe
